<?xml version="1.0" encoding="UTF-8"?>
<!-- Generated by org.testng.reporters.JUnitReportReporter -->
<testsuite skipped="0" hostname="DESKTOP-Q0E3SEM" name="com.v1.sm.testcases.ValidateContactusTest" tests="1" failures="0" timestamp="20 Jun 2019 07:48:59 GMT" time="30.603" errors="0">
  <testcase name="ValidateContactusTest" time="30.603" classname="com.v1.sm.testcases.ValidateContactusTest"/>
</testsuite> <!-- com.v1.sm.testcases.ValidateContactusTest -->
